C:\USERS\ULICES\DESKTOP\JUEGO TRABAJO FINAL\JUEGO TRABAJO FINAL\DEBUG\LIFEUP.OBJ
C:\USERS\ULICES\DESKTOP\JUEGO TRABAJO FINAL\JUEGO TRABAJO FINAL\DEBUG\JUEGO.OBJ
C:\USERS\ULICES\DESKTOP\JUEGO TRABAJO FINAL\JUEGO TRABAJO FINAL\DEBUG\INVADER.OBJ
C:\USERS\ULICES\DESKTOP\JUEGO TRABAJO FINAL\JUEGO TRABAJO FINAL\DEBUG\HONGO.OBJ
C:\USERS\ULICES\DESKTOP\JUEGO TRABAJO FINAL\JUEGO TRABAJO FINAL\DEBUG\FONDO.OBJ
C:\USERS\ULICES\DESKTOP\JUEGO TRABAJO FINAL\JUEGO TRABAJO FINAL\DEBUG\ESTRELLA.OBJ
C:\USERS\ULICES\DESKTOP\JUEGO TRABAJO FINAL\JUEGO TRABAJO FINAL\DEBUG\CUERVO.OBJ
C:\USERS\ULICES\DESKTOP\JUEGO TRABAJO FINAL\JUEGO TRABAJO FINAL\DEBUG\CUCHILLO.OBJ
C:\USERS\ULICES\DESKTOP\JUEGO TRABAJO FINAL\JUEGO TRABAJO FINAL\DEBUG\COIN.OBJ
C:\USERS\ULICES\DESKTOP\JUEGO TRABAJO FINAL\JUEGO TRABAJO FINAL\DEBUG\CARAMELO2.OBJ
C:\USERS\ULICES\DESKTOP\JUEGO TRABAJO FINAL\JUEGO TRABAJO FINAL\DEBUG\CARAMELO1.OBJ
C:\USERS\ULICES\DESKTOP\JUEGO TRABAJO FINAL\JUEGO TRABAJO FINAL\DEBUG\BONUS.OBJ
C:\USERS\ULICES\DESKTOP\JUEGO TRABAJO FINAL\JUEGO TRABAJO FINAL\DEBUG\BIBERON.OBJ
C:\USERS\ULICES\DESKTOP\JUEGO TRABAJO FINAL\JUEGO TRABAJO FINAL\DEBUG\BALAPERSONAJE.OBJ
C:\USERS\ULICES\DESKTOP\JUEGO TRABAJO FINAL\JUEGO TRABAJO FINAL\DEBUG\BALAINVADER.OBJ
C:\USERS\ULICES\DESKTOP\JUEGO TRABAJO FINAL\JUEGO TRABAJO FINAL\DEBUG\BALA.OBJ
C:\USERS\ULICES\DESKTOP\JUEGO TRABAJO FINAL\JUEGO TRABAJO FINAL\DEBUG\ARROBSTACULOS.OBJ
C:\USERS\ULICES\DESKTOP\JUEGO TRABAJO FINAL\JUEGO TRABAJO FINAL\DEBUG\ARRNUBES.OBJ
C:\USERS\ULICES\DESKTOP\JUEGO TRABAJO FINAL\JUEGO TRABAJO FINAL\DEBUG\ARRBONUS.OBJ
C:\USERS\ULICES\DESKTOP\JUEGO TRABAJO FINAL\JUEGO TRABAJO FINAL\DEBUG\ARRBALAS.OBJ
C:\USERS\ULICES\DESKTOP\JUEGO TRABAJO FINAL\JUEGO TRABAJO FINAL\DEBUG\TORNADO.OBJ
C:\USERS\ULICES\DESKTOP\JUEGO TRABAJO FINAL\JUEGO TRABAJO FINAL\DEBUG\TENEDOR.OBJ
C:\USERS\ULICES\DESKTOP\JUEGO TRABAJO FINAL\JUEGO TRABAJO FINAL\DEBUG\RAYO.OBJ
C:\USERS\ULICES\DESKTOP\JUEGO TRABAJO FINAL\JUEGO TRABAJO FINAL\DEBUG\PIEDRA.OBJ
C:\USERS\ULICES\DESKTOP\JUEGO TRABAJO FINAL\JUEGO TRABAJO FINAL\DEBUG\PERSONAJE.OBJ
C:\USERS\ULICES\DESKTOP\JUEGO TRABAJO FINAL\JUEGO TRABAJO FINAL\DEBUG\PALETA.OBJ
C:\USERS\ULICES\DESKTOP\JUEGO TRABAJO FINAL\JUEGO TRABAJO FINAL\DEBUG\OBSTACULO.OBJ
C:\USERS\ULICES\DESKTOP\JUEGO TRABAJO FINAL\JUEGO TRABAJO FINAL\DEBUG\NUBES.OBJ
C:\USERS\ULICES\DESKTOP\JUEGO TRABAJO FINAL\JUEGO TRABAJO FINAL\DEBUG\MYFORM.OBJ
C:\USERS\ULICES\DESKTOP\JUEGO TRABAJO FINAL\JUEGO TRABAJO FINAL\DEBUG\VC110.PDB
C:\USERS\ULICES\DESKTOP\JUEGO TRABAJO FINAL\JUEGO TRABAJO FINAL\DEBUG\.NETFRAMEWORK,VERSION=V4.5.ASSEMBLYATTRIBUTES.OBJ
C:\Users\Ulices\Desktop\Juego Trabajo Final\Juego Trabajo Final\Debug\JuegoTrabajoFinal.MyForm.resources
C:\USERS\ULICES\DESKTOP\JUEGO TRABAJO FINAL\DEBUG\JUEGO TRABAJO FINAL.ILK
C:\USERS\ULICES\DESKTOP\JUEGO TRABAJO FINAL\DEBUG\JUEGO TRABAJO FINAL.EXE
C:\USERS\ULICES\DESKTOP\JUEGO TRABAJO FINAL\DEBUG\JUEGO TRABAJO FINAL.PDB
C:\Users\Ulices\Desktop\Juego Trabajo Final\Juego Trabajo Final\Debug\Juego Trabajo Final.vcxproj.GenerateResource.Cache
C:\Users\Ulices\Desktop\Juego Trabajo Final\Juego Trabajo Final\Debug\.NETFramework,Version=v4.5.AssemblyAttributes.obj
C:\Users\Ulices\Desktop\Juego Trabajo Final\Juego Trabajo Final\Debug\ArrBalas.obj
C:\Users\Ulices\Desktop\Juego Trabajo Final\Juego Trabajo Final\Debug\ArrBonus.obj
C:\Users\Ulices\Desktop\Juego Trabajo Final\Juego Trabajo Final\Debug\ArrNubes.obj
C:\Users\Ulices\Desktop\Juego Trabajo Final\Juego Trabajo Final\Debug\ArrObstaculos.obj
C:\Users\Ulices\Desktop\Juego Trabajo Final\Juego Trabajo Final\Debug\Bala.obj
C:\Users\Ulices\Desktop\Juego Trabajo Final\Juego Trabajo Final\Debug\BalaInvader.obj
C:\Users\Ulices\Desktop\Juego Trabajo Final\Juego Trabajo Final\Debug\BalaPersonaje.obj
C:\Users\Ulices\Desktop\Juego Trabajo Final\Juego Trabajo Final\Debug\Biberon.obj
C:\Users\Ulices\Desktop\Juego Trabajo Final\Juego Trabajo Final\Debug\Bonus.obj
C:\Users\Ulices\Desktop\Juego Trabajo Final\Juego Trabajo Final\Debug\Caramelo1.obj
C:\Users\Ulices\Desktop\Juego Trabajo Final\Juego Trabajo Final\Debug\Caramelo2.obj
C:\Users\Ulices\Desktop\Juego Trabajo Final\Juego Trabajo Final\Debug\Coin.obj
C:\Users\Ulices\Desktop\Juego Trabajo Final\Juego Trabajo Final\Debug\Cuchillo.obj
C:\Users\Ulices\Desktop\Juego Trabajo Final\Juego Trabajo Final\Debug\Cuervo.obj
C:\Users\Ulices\Desktop\Juego Trabajo Final\Juego Trabajo Final\Debug\Estrella.obj
C:\Users\Ulices\Desktop\Juego Trabajo Final\Juego Trabajo Final\Debug\Fondo.obj
C:\Users\Ulices\Desktop\Juego Trabajo Final\Juego Trabajo Final\Debug\Hongo.obj
C:\Users\Ulices\Desktop\Juego Trabajo Final\Juego Trabajo Final\Debug\Invader.obj
C:\Users\Ulices\Desktop\Juego Trabajo Final\Juego Trabajo Final\Debug\Juego.obj
C:\Users\Ulices\Desktop\Juego Trabajo Final\Juego Trabajo Final\Debug\LifeUp.obj
C:\Users\Ulices\Desktop\Juego Trabajo Final\Juego Trabajo Final\Debug\MyForm.obj
C:\Users\Ulices\Desktop\Juego Trabajo Final\Juego Trabajo Final\Debug\Nubes.obj
C:\Users\Ulices\Desktop\Juego Trabajo Final\Juego Trabajo Final\Debug\Obstaculo.obj
C:\Users\Ulices\Desktop\Juego Trabajo Final\Juego Trabajo Final\Debug\Paleta.obj
C:\Users\Ulices\Desktop\Juego Trabajo Final\Juego Trabajo Final\Debug\Personaje.obj
C:\Users\Ulices\Desktop\Juego Trabajo Final\Juego Trabajo Final\Debug\Piedra.obj
C:\Users\Ulices\Desktop\Juego Trabajo Final\Juego Trabajo Final\Debug\Rayo.obj
C:\Users\Ulices\Desktop\Juego Trabajo Final\Juego Trabajo Final\Debug\Tenedor.obj
C:\Users\Ulices\Desktop\Juego Trabajo Final\Juego Trabajo Final\Debug\Tornado.obj
C:\Users\Ulices\Desktop\Juego Trabajo Final\Juego Trabajo Final\Debug\cl.command.1.tlog
C:\Users\Ulices\Desktop\Juego Trabajo Final\Juego Trabajo Final\Debug\CL.read.1.tlog
C:\Users\Ulices\Desktop\Juego Trabajo Final\Juego Trabajo Final\Debug\CL.write.1.tlog
C:\Users\Ulices\Desktop\Juego Trabajo Final\Juego Trabajo Final\Debug\Juego Trabajo Final.write.1.tlog
C:\Users\Ulices\Desktop\Juego Trabajo Final\Juego Trabajo Final\Debug\link.5816-cvtres.read.1.tlog
C:\Users\Ulices\Desktop\Juego Trabajo Final\Juego Trabajo Final\Debug\link.5816-cvtres.write.1.tlog
C:\Users\Ulices\Desktop\Juego Trabajo Final\Juego Trabajo Final\Debug\link.5816-rc.read.1.tlog
C:\Users\Ulices\Desktop\Juego Trabajo Final\Juego Trabajo Final\Debug\link.5816-rc.write.1.tlog
C:\Users\Ulices\Desktop\Juego Trabajo Final\Juego Trabajo Final\Debug\link.5816.read.1.tlog
C:\Users\Ulices\Desktop\Juego Trabajo Final\Juego Trabajo Final\Debug\link.5816.write.1.tlog
C:\Users\Ulices\Desktop\Juego Trabajo Final\Juego Trabajo Final\Debug\link.6268-cvtres.read.1.tlog
C:\Users\Ulices\Desktop\Juego Trabajo Final\Juego Trabajo Final\Debug\link.6268-cvtres.write.1.tlog
C:\Users\Ulices\Desktop\Juego Trabajo Final\Juego Trabajo Final\Debug\link.6268-rc.read.1.tlog
C:\Users\Ulices\Desktop\Juego Trabajo Final\Juego Trabajo Final\Debug\link.6268-rc.write.1.tlog
C:\Users\Ulices\Desktop\Juego Trabajo Final\Juego Trabajo Final\Debug\link.6268.read.1.tlog
C:\Users\Ulices\Desktop\Juego Trabajo Final\Juego Trabajo Final\Debug\link.6268.write.1.tlog
C:\Users\Ulices\Desktop\Juego Trabajo Final\Juego Trabajo Final\Debug\link.command.1.tlog
C:\Users\Ulices\Desktop\Juego Trabajo Final\Juego Trabajo Final\Debug\link.read.1.tlog
C:\Users\Ulices\Desktop\Juego Trabajo Final\Juego Trabajo Final\Debug\link.write.1.tlog
C:\Users\Ulices\Desktop\Juego Trabajo Final\Juego Trabajo Final\Debug\metagen.read.1.tlog
C:\Users\Ulices\Desktop\Juego Trabajo Final\Juego Trabajo Final\Debug\metagen.write.1.tlog
C:\Users\Ulices\Desktop\Juego Trabajo Final\Juego Trabajo Final\Debug\vc110.pdb
C:\Users\Ulices\Desktop\Juego Trabajo Final\Juego Trabajo Final\Debug\RSAENH.DLL.bi
C:\Users\Ulices\Desktop\Juego Trabajo Final\Juego Trabajo Final\Debug\TZRES.DLL.bi
C:\Users\Ulices\Desktop\Juego Trabajo Final\Debug\Juego Trabajo Final.pdb
C:\Users\Ulices\Desktop\Juego Trabajo Final\Debug\Juego Trabajo Final.exe
C:\Users\Ulices\Desktop\Juego Trabajo Final\Debug\Juego Trabajo Final.ilk
